<?xml version="1.0" encoding="UTF-8"?>
<!-- Generated by org.testng.reporters.JUnitXMLReporter -->
<testsuite ignored="0" hostname="DESKTOP-3T0R0CM" failures="0" tests="4" name="FirefoxTest" time="0.119" errors="0" timestamp="2022-09-16T09:10:56 IST">
  <testcase classname="Testfb.TestNGClass" name="@BeforeTest launchBrowser" time="0.002">
    <failure type="java.lang.NullPointerException" message="Cannot invoke &amp;quot;org.openqa.selenium.WebDriver.manage()&amp;quot; because &amp;quot;this.driver&amp;quot; is null">
      <![CDATA[java.lang.NullPointerException: Cannot invoke "org.openqa.selenium.WebDriver.manage()" because "this.driver" is null
at Testfb.TestNGClass.launchBrowser(TestNGClass.java:51)
... Removed 22 stack frames]]>
    </failure>
  </testcase> <!-- @BeforeTest launchBrowser -->
  <testcase classname="Testfb.TestNG_2" name="@BeforeTest launchBrowser" time="-1.663299655924E9">
    <skipped/>
  </testcase> <!-- @BeforeTest launchBrowser -->
  <testcase classname="Testfb.TestNG_2" name="@BeforeClass createPomObjec" time="-1.66329965593E9">
    <skipped/>
  </testcase> <!-- @BeforeClass createPomObjec -->
  <testcase classname="Testfb.TestNG_2" name="@BeforeMethod openingUrl" time="-1.663299655945E9">
    <skipped/>
  </testcase> <!-- @BeforeMethod openingUrl -->
  <testcase classname="Testfb.TestNG_2" name="@AfterMethod logOut" time="-1.663299655952E9">
    <skipped/>
  </testcase> <!-- @AfterMethod logOut -->
  <testcase classname="Testfb.TestNG_2" name="@BeforeMethod openingUrl" time="-1.663299655957E9">
    <skipped/>
  </testcase> <!-- @BeforeMethod openingUrl -->
  <testcase classname="Testfb.TestNG_2" name="@AfterMethod logOut" time="-1.663299655993E9">
    <skipped/>
  </testcase> <!-- @AfterMethod logOut -->
  <testcase classname="Testfb.TestNG_2" name="@AfterClass cleanPOMobject" time="-1.663299655996E9">
    <skipped/>
  </testcase> <!-- @AfterClass cleanPOMobject -->
  <testcase classname="Testfb.TestNGClass" name="@BeforeClass createpomObjects" time="-1.663299656E9">
    <skipped/>
  </testcase> <!-- @BeforeClass createpomObjects -->
  <testcase classname="Testfb.TestNGClass" name="@BeforeMethod openRoomsPage" time="-1.663299656005E9">
    <skipped/>
  </testcase> <!-- @BeforeMethod openRoomsPage -->
  <testcase classname="Testfb.TestNGClass" name="@AfterMethod logOutApplication" time="-1.66329965601E9">
    <skipped/>
  </testcase> <!-- @AfterMethod logOutApplication -->
  <testcase classname="Testfb.TestNGClass" name="@BeforeMethod openRoomsPage" time="-1.663299656012E9">
    <skipped/>
  </testcase> <!-- @BeforeMethod openRoomsPage -->
  <testcase classname="Testfb.TestNGClass" name="@AfterMethod logOutApplication" time="-1.663299656016E9">
    <skipped/>
  </testcase> <!-- @AfterMethod logOutApplication -->
  <testcase classname="Testfb.TestNGClass" name="@AfterClass cleanPOMobject" time="-1.663299656023E9">
    <skipped/>
  </testcase> <!-- @AfterClass cleanPOMobject -->
  <testcase classname="Testfb.TestNGClass" name="@AfterTest closeBrowser" time="-1.663299656026E9">
    <skipped/>
  </testcase> <!-- @AfterTest closeBrowser -->
  <testcase classname="Testfb.TestNG_2" name="@AfterTest closeBrowser" time="-1.663299656029E9">
    <skipped/>
  </testcase> <!-- @AfterTest closeBrowser -->
  <testcase classname="Testfb.TestNG_2" name="devloperLogIn" time="0.0">
    <skipped/>
  </testcase> <!-- devloperLogIn -->
  <testcase classname="Testfb.TestNG_2" name="signUpButton" time="0.0">
    <skipped/>
  </testcase> <!-- signUpButton -->
  <testcase classname="Testfb.TestNGClass" name="verifyGoBackToMessenger" time="0.0">
    <skipped/>
  </testcase> <!-- verifyGoBackToMessenger -->
  <testcase classname="Testfb.TestNGClass" name="verifyHelpCenterButton" time="0.0">
    <skipped/>
  </testcase> <!-- verifyHelpCenterButton -->
</testsuite> <!-- FirefoxTest -->
