<?xml version="1.0" encoding="UTF-8"?>
<!-- Generated by org.testng.reporters.JUnitXMLReporter -->
<testsuite ignored="1" hostname="DESKTOP-3T0R0CM" failures="0" tests="3" name="Test" time="56.076" errors="0" timestamp="2022-09-15T07:25:34 IST">
  <testcase classname="Testfb.TestNG_2" name="devloperLogIn" time="15.59"/>
  <testcase classname="Testfb.TestNGClass" name="verifyGoBackToMessenger" time="2.611"/>
  <testcase classname="Testfb.TestNGClass" name="verifyHelpCenterButton" time="3.887"/>
  <testcase classname="Testfb.TestNG_2" name="signUpButton" time="0.0">
    <ignored/>
  </testcase> <!-- signUpButton -->
</testsuite> <!-- Test -->
