<?xml version="1.0" encoding="UTF-8"?>
<!-- Generated by org.testng.reporters.JUnitXMLReporter -->
<testsuite ignored="0" hostname="DESKTOP-3T0R0CM" failures="0" tests="4" name="Test" time="0.113" errors="0" timestamp="2022-09-16T09:44:22 IST">
  <testcase classname="Testfb.TestNGClass" name="@BeforeTest launchBrowser" time="-1.663301662143E9">
    <failure type="org.testng.TestNGException" message="
Parameter &amp;apos;browser&amp;apos; is required by BeforeTest on method launchBrowser but has not been marked @Optional or defined
in C:\Users\Tausif\eclipse-workspace\Facebook\testng.xml">
      <![CDATA[org.testng.TestNGException: 
Parameter 'browser' is required by BeforeTest on method launchBrowser but has not been marked @Optional or defined
in C:\Users\Tausif\eclipse-workspace\Facebook\testng.xml
... Removed 21 stack frames]]>
    </failure>
  </testcase> <!-- @BeforeTest launchBrowser -->
  <testcase classname="Testfb.TestNG_2" name="@BeforeTest launchBrowser" time="-1.663301662155E9">
    <skipped/>
  </testcase> <!-- @BeforeTest launchBrowser -->
  <testcase classname="Testfb.TestNG_2" name="@BeforeClass createPomObjec" time="-1.663301662178E9">
    <skipped/>
  </testcase> <!-- @BeforeClass createPomObjec -->
  <testcase classname="Testfb.TestNG_2" name="@BeforeMethod openingUrl" time="-1.663301662194E9">
    <skipped/>
  </testcase> <!-- @BeforeMethod openingUrl -->
  <testcase classname="Testfb.TestNG_2" name="@AfterMethod logOut" time="-1.663301662202E9">
    <skipped/>
  </testcase> <!-- @AfterMethod logOut -->
  <testcase classname="Testfb.TestNG_2" name="@BeforeMethod openingUrl" time="-1.663301662206E9">
    <skipped/>
  </testcase> <!-- @BeforeMethod openingUrl -->
  <testcase classname="Testfb.TestNG_2" name="@AfterMethod logOut" time="-1.663301662218E9">
    <skipped/>
  </testcase> <!-- @AfterMethod logOut -->
  <testcase classname="Testfb.TestNG_2" name="@AfterClass cleanPOMobject" time="-1.663301662222E9">
    <skipped/>
  </testcase> <!-- @AfterClass cleanPOMobject -->
  <testcase classname="Testfb.TestNGClass" name="@BeforeClass createpomObjects" time="-1.663301662227E9">
    <skipped/>
  </testcase> <!-- @BeforeClass createpomObjects -->
  <testcase classname="Testfb.TestNGClass" name="@BeforeMethod openRoomsPage" time="-1.663301662229E9">
    <skipped/>
  </testcase> <!-- @BeforeMethod openRoomsPage -->
  <testcase classname="Testfb.TestNGClass" name="@AfterMethod logOutApplication" time="-1.663301662236E9">
    <skipped/>
  </testcase> <!-- @AfterMethod logOutApplication -->
  <testcase classname="Testfb.TestNGClass" name="@BeforeMethod openRoomsPage" time="-1.66330166224E9">
    <skipped/>
  </testcase> <!-- @BeforeMethod openRoomsPage -->
  <testcase classname="Testfb.TestNGClass" name="@AfterMethod logOutApplication" time="-1.663301662247E9">
    <skipped/>
  </testcase> <!-- @AfterMethod logOutApplication -->
  <testcase classname="Testfb.TestNGClass" name="@AfterClass cleanPOMobject" time="-1.663301662248E9">
    <skipped/>
  </testcase> <!-- @AfterClass cleanPOMobject -->
  <testcase classname="Testfb.TestNGClass" name="@AfterTest closeBrowser" time="-1.663301662251E9">
    <skipped/>
  </testcase> <!-- @AfterTest closeBrowser -->
  <testcase classname="Testfb.TestNG_2" name="@AfterTest closeBrowser" time="-1.663301662252E9">
    <skipped/>
  </testcase> <!-- @AfterTest closeBrowser -->
  <testcase classname="Testfb.TestNG_2" name="devloperLogIn" time="0.0">
    <skipped/>
  </testcase> <!-- devloperLogIn -->
  <testcase classname="Testfb.TestNG_2" name="signUpButton" time="0.0">
    <skipped/>
  </testcase> <!-- signUpButton -->
  <testcase classname="Testfb.TestNGClass" name="verifyGoBackToMessenger" time="0.0">
    <skipped/>
  </testcase> <!-- verifyGoBackToMessenger -->
  <testcase classname="Testfb.TestNGClass" name="verifyHelpCenterButton" time="0.0">
    <skipped/>
  </testcase> <!-- verifyHelpCenterButton -->
</testsuite> <!-- Test -->
