<?xml version="1.0" encoding="UTF-8"?>
<testng-results ignored="0" total="4" passed="3" failed="1" skipped="0">
  <reporter-output>
  </reporter-output>
  <suite started-at="2022-10-22T21:37:53 IST" name="Suite1234" finished-at="2022-10-22T21:38:35 IST" duration-ms="41642">
    <groups>
    </groups>
    <test started-at="2022-10-22T21:37:53 IST" name="ChromeTest" finished-at="2022-10-22T21:38:35 IST" duration-ms="41642">
      <class name="Testfb.TestNG_2">
        <test-method is-config="true" signature="beforeSuite()[pri:0, instance:Testfb.TestNG_2@222545dc]" started-at="2022-10-22T21:37:53 IST" name="beforeSuite" finished-at="2022-10-22T21:37:53 IST" duration-ms="19" status="PASS">
          <reporter-output>
          </reporter-output>
        </test-method> <!-- beforeSuite -->
        <test-method is-config="true" signature="launchBrowser(java.lang.String)[pri:0, instance:Testfb.TestNG_2@222545dc]" started-at="2022-10-22T21:37:55 IST" name="launchBrowser" finished-at="2022-10-22T21:37:57 IST" duration-ms="1777" status="PASS">
          <params>
            <param index="0">
              <value>
                <![CDATA[Chrome]]>
              </value>
            </param>
          </params>
          <reporter-output>
          </reporter-output>
        </test-method> <!-- launchBrowser -->
        <test-method is-config="true" signature="createPomObjec()[pri:0, instance:Testfb.TestNG_2@222545dc]" started-at="2022-10-22T21:38:10 IST" name="createPomObjec" finished-at="2022-10-22T21:38:10 IST" duration-ms="23" status="PASS">
          <reporter-output>
          </reporter-output>
        </test-method> <!-- createPomObjec -->
        <test-method is-config="true" signature="openingUrl()[pri:0, instance:Testfb.TestNG_2@222545dc]" started-at="2022-10-22T21:38:10 IST" name="openingUrl" finished-at="2022-10-22T21:38:15 IST" duration-ms="4842" status="PASS">
          <reporter-output>
          </reporter-output>
        </test-method> <!-- openingUrl -->
        <test-method signature="devloperLogIn()[pri:0, instance:Testfb.TestNG_2@222545dc]" started-at="2022-10-22T21:38:15 IST" name="devloperLogIn" finished-at="2022-10-22T21:38:28 IST" duration-ms="13585" status="PASS">
          <reporter-output>
          </reporter-output>
        </test-method> <!-- devloperLogIn -->
        <test-method is-config="true" signature="logOut(org.testng.ITestResult)[pri:0, instance:Testfb.TestNG_2@222545dc]" started-at="2022-10-22T21:38:28 IST" name="logOut" finished-at="2022-10-22T21:38:28 IST" duration-ms="2" status="PASS">
          <params>
            <param index="0">
              <value>
                <![CDATA[[TestResult name=devloperLogIn status=SUCCESS method=TestNG_2.devloperLogIn()[pri:0, instance:Testfb.TestNG_2@222545dc] output={null}]]]>
              </value>
            </param>
          </params>
          <reporter-output>
          </reporter-output>
        </test-method> <!-- logOut -->
        <test-method is-config="true" signature="openingUrl()[pri:0, instance:Testfb.TestNG_2@222545dc]" started-at="2022-10-22T21:38:28 IST" name="openingUrl" finished-at="2022-10-22T21:38:30 IST" duration-ms="1224" status="PASS">
          <reporter-output>
          </reporter-output>
        </test-method> <!-- openingUrl -->
        <test-method signature="signUpButton()[pri:0, instance:Testfb.TestNG_2@222545dc]" started-at="2022-10-22T21:38:30 IST" name="signUpButton" finished-at="2022-10-22T21:38:32 IST" duration-ms="2131" status="PASS">
          <reporter-output>
          </reporter-output>
        </test-method> <!-- signUpButton -->
        <test-method is-config="true" signature="logOut(org.testng.ITestResult)[pri:0, instance:Testfb.TestNG_2@222545dc]" started-at="2022-10-22T21:38:32 IST" name="logOut" finished-at="2022-10-22T21:38:32 IST" duration-ms="1" status="PASS">
          <params>
            <param index="0">
              <value>
                <![CDATA[[TestResult name=signUpButton status=SUCCESS method=TestNG_2.signUpButton()[pri:0, instance:Testfb.TestNG_2@222545dc] output={null}]]]>
              </value>
            </param>
          </params>
          <reporter-output>
          </reporter-output>
        </test-method> <!-- logOut -->
        <test-method is-config="true" signature="cleanPOMobject()[pri:0, instance:Testfb.TestNG_2@222545dc]" started-at="2022-10-22T21:38:32 IST" name="cleanPOMobject" finished-at="2022-10-22T21:38:32 IST" duration-ms="0" status="PASS">
          <reporter-output>
          </reporter-output>
        </test-method> <!-- cleanPOMobject -->
        <test-method is-config="true" signature="closeBrowser()[pri:0, instance:Testfb.TestNG_2@222545dc]" started-at="2022-10-22T21:38:33 IST" name="closeBrowser" finished-at="2022-10-22T21:38:35 IST" duration-ms="2615" status="PASS">
          <reporter-output>
          </reporter-output>
        </test-method> <!-- closeBrowser -->
        <test-method is-config="true" signature="afterSuit()[pri:0, instance:Testfb.TestNG_2@222545dc]" started-at="2022-10-22T21:38:35 IST" name="afterSuit" finished-at="2022-10-22T21:38:35 IST" duration-ms="1" status="PASS">
          <reporter-output>
          </reporter-output>
        </test-method> <!-- afterSuit -->
      </class> <!-- Testfb.TestNG_2 -->
      <class name="Testfb.TestNGClass">
        <test-method is-config="true" signature="launchBrowser(java.lang.String)[pri:0, instance:Testfb.TestNGClass@2a798d51]" started-at="2022-10-22T21:37:54 IST" name="launchBrowser" finished-at="2022-10-22T21:37:55 IST" duration-ms="1965" status="PASS">
          <params>
            <param index="0">
              <value>
                <![CDATA[Chrome]]>
              </value>
            </param>
          </params>
          <reporter-output>
          </reporter-output>
        </test-method> <!-- launchBrowser -->
        <test-method is-config="true" signature="createpomObjects()[pri:0, instance:Testfb.TestNGClass@2a798d51]" started-at="2022-10-22T21:37:57 IST" name="createpomObjects" finished-at="2022-10-22T21:37:57 IST" duration-ms="51" status="PASS">
          <reporter-output>
          </reporter-output>
        </test-method> <!-- createpomObjects -->
        <test-method is-config="true" signature="openRoomsPage()[pri:0, instance:Testfb.TestNGClass@2a798d51]" started-at="2022-10-22T21:37:57 IST" name="openRoomsPage" finished-at="2022-10-22T21:38:03 IST" duration-ms="5751" status="PASS">
          <reporter-output>
          </reporter-output>
        </test-method> <!-- openRoomsPage -->
        <test-method signature="verifyGoBackToMessenger()[pri:0, instance:Testfb.TestNGClass@2a798d51]" started-at="2022-10-22T21:38:03 IST" name="verifyGoBackToMessenger" finished-at="2022-10-22T21:38:04 IST" duration-ms="1015" status="PASS">
          <reporter-output>
          </reporter-output>
        </test-method> <!-- verifyGoBackToMessenger -->
        <test-method is-config="true" signature="logOutApplication(org.testng.ITestResult)[pri:0, instance:Testfb.TestNGClass@2a798d51]" started-at="2022-10-22T21:38:04 IST" name="logOutApplication" finished-at="2022-10-22T21:38:04 IST" duration-ms="2" status="PASS">
          <params>
            <param index="0">
              <value>
                <![CDATA[[TestResult name=verifyGoBackToMessenger status=SUCCESS method=TestNGClass.verifyGoBackToMessenger()[pri:0, instance:Testfb.TestNGClass@2a798d51] output={null}]]]>
              </value>
            </param>
          </params>
          <reporter-output>
          </reporter-output>
        </test-method> <!-- logOutApplication -->
        <test-method is-config="true" signature="openRoomsPage()[pri:0, instance:Testfb.TestNGClass@2a798d51]" started-at="2022-10-22T21:38:04 IST" name="openRoomsPage" finished-at="2022-10-22T21:38:06 IST" duration-ms="2077" status="PASS">
          <reporter-output>
          </reporter-output>
        </test-method> <!-- openRoomsPage -->
        <test-method signature="verifyHelpCenterButton()[pri:0, instance:Testfb.TestNGClass@2a798d51]" started-at="2022-10-22T21:38:06 IST" name="verifyHelpCenterButton" finished-at="2022-10-22T21:38:09 IST" duration-ms="3066" status="FAIL">
          <exception class="java.lang.AssertionError">
            <message>
              <![CDATA[null]]>
            </message>
            <full-stacktrace>
              <![CDATA[java.lang.AssertionError: null
at org.testng.Assert.fail(Assert.java:99)
at org.testng.Assert.fail(Assert.java:106)
at Testfb.TestNGClass.verifyHelpCenterButton(TestNGClass.java:123)
at java.base/jdk.internal.reflect.DirectMethodHandleAccessor.invoke(DirectMethodHandleAccessor.java:104)
at java.base/java.lang.reflect.Method.invoke(Method.java:577)
at org.testng.internal.MethodInvocationHelper.invokeMethod(MethodInvocationHelper.java:133)
at org.testng.internal.TestInvoker.invokeMethod(TestInvoker.java:598)
at org.testng.internal.TestInvoker.invokeTestMethod(TestInvoker.java:173)
at org.testng.internal.MethodRunner.runInSequence(MethodRunner.java:46)
at org.testng.internal.TestInvoker$MethodInvocationAgent.invoke(TestInvoker.java:824)
at org.testng.internal.TestInvoker.invokeTestMethods(TestInvoker.java:146)
at org.testng.internal.TestMethodWorker.invokeTestMethods(TestMethodWorker.java:146)
at org.testng.internal.TestMethodWorker.run(TestMethodWorker.java:128)
at java.base/java.util.ArrayList.forEach(ArrayList.java:1511)
at org.testng.TestRunner.privateRun(TestRunner.java:794)
at org.testng.TestRunner.run(TestRunner.java:596)
at org.testng.SuiteRunner.runTest(SuiteRunner.java:377)
at org.testng.SuiteRunner.access$000(SuiteRunner.java:28)
at org.testng.SuiteRunner$SuiteWorker.run(SuiteRunner.java:418)
at org.testng.internal.thread.ThreadUtil.lambda$execute$0(ThreadUtil.java:64)
at java.base/java.util.concurrent.FutureTask.run(FutureTask.java:264)
at java.base/java.util.concurrent.ThreadPoolExecutor.runWorker(ThreadPoolExecutor.java:1136)
at java.base/java.util.concurrent.ThreadPoolExecutor$Worker.run(ThreadPoolExecutor.java:635)
at java.base/java.lang.Thread.run(Thread.java:833)
]]>
            </full-stacktrace>
          </exception> <!-- java.lang.AssertionError -->
          <reporter-output>
          </reporter-output>
        </test-method> <!-- verifyHelpCenterButton -->
        <test-method is-config="true" signature="logOutApplication(org.testng.ITestResult)[pri:0, instance:Testfb.TestNGClass@2a798d51]" started-at="2022-10-22T21:38:09 IST" name="logOutApplication" finished-at="2022-10-22T21:38:10 IST" duration-ms="638" status="PASS">
          <params>
            <param index="0">
              <value>
                <![CDATA[[TestResult name=verifyHelpCenterButton status=FAILURE method=TestNGClass.verifyHelpCenterButton()[pri:0, instance:Testfb.TestNGClass@2a798d51] output={null}]]]>
              </value>
            </param>
          </params>
          <reporter-output>
          </reporter-output>
        </test-method> <!-- logOutApplication -->
        <test-method is-config="true" signature="cleanPOMobject()[pri:0, instance:Testfb.TestNGClass@2a798d51]" started-at="2022-10-22T21:38:10 IST" name="cleanPOMobject" finished-at="2022-10-22T21:38:10 IST" duration-ms="1" status="PASS">
          <reporter-output>
          </reporter-output>
        </test-method> <!-- cleanPOMobject -->
        <test-method is-config="true" signature="closeBrowser()[pri:0, instance:Testfb.TestNGClass@2a798d51]" started-at="2022-10-22T21:38:32 IST" name="closeBrowser" finished-at="2022-10-22T21:38:33 IST" duration-ms="808" status="PASS">
          <reporter-output>
          </reporter-output>
        </test-method> <!-- closeBrowser -->
        <test-method is-config="true" signature="afterSuit()[pri:0, instance:Testfb.TestNGClass@2a798d51]" started-at="2022-10-22T21:38:35 IST" name="afterSuit" finished-at="2022-10-22T21:38:35 IST" duration-ms="0" status="PASS">
          <reporter-output>
          </reporter-output>
        </test-method> <!-- afterSuit -->
      </class> <!-- Testfb.TestNGClass -->
    </test> <!-- ChromeTest -->
  </suite> <!-- Suite1234 -->
</testng-results>
