<?xml version="1.0" encoding="UTF-8"?>
<!-- Generated by org.testng.reporters.JUnitXMLReporter -->
<testsuite ignored="0" hostname="DESKTOP-3T0R0CM" failures="1" tests="4" name="ChromeTest" time="41.642" errors="0" timestamp="2022-10-22T21:38:35 IST">
  <testcase classname="Testfb.TestNGClass" name="verifyGoBackToMessenger" time="1.015"/>
  <testcase classname="Testfb.TestNGClass" name="verifyHelpCenterButton" time="3.066">
    <failure type="java.lang.AssertionError" message="null">
      <![CDATA[java.lang.AssertionError: null
at Testfb.TestNGClass.verifyHelpCenterButton(TestNGClass.java:123)
at java.base/java.util.ArrayList.forEach(ArrayList.java:1511)
at java.base/java.util.concurrent.FutureTask.run(FutureTask.java:264)
at java.base/java.util.concurrent.ThreadPoolExecutor.runWorker(ThreadPoolExecutor.java:1136)
at java.base/java.util.concurrent.ThreadPoolExecutor$Worker.run(ThreadPoolExecutor.java:635)
at java.base/java.lang.Thread.run(Thread.java:833)
... Removed 18 stack frames]]>
    </failure>
  </testcase> <!-- verifyHelpCenterButton -->
  <testcase classname="Testfb.TestNG_2" name="devloperLogIn" time="13.585"/>
  <testcase classname="Testfb.TestNG_2" name="signUpButton" time="2.131"/>
</testsuite> <!-- ChromeTest -->
