<?xml version="1.0" encoding="UTF-8"?>
<!-- Generated by org.testng.reporters.JUnitXMLReporter -->
<testsuite ignored="0" hostname="DESKTOP-3T0R0CM" failures="0" tests="4" name="OperaTest" time="56.26" errors="0" timestamp="2022-10-22T21:30:30 IST">
  <testcase classname="Testfb.TestNGClass" name="verifyGoBackToMessenger" time="1.127"/>
  <testcase classname="Testfb.TestNGClass" name="verifyHelpCenterButton" time="2.645"/>
  <testcase classname="Testfb.TestNG_2" name="devloperLogIn" time="5.449"/>
  <testcase classname="Testfb.TestNG_2" name="signUpButton" time="3.402"/>
</testsuite> <!-- OperaTest -->
